Using pre-set license
Built from '2021.1/release' branch; Version is '2021.1.0f1 (61a549675243) revision 6399305'; Using compiler version '192528614'; Build Type 'Release'
OS: 'Windows 10 Pro; OS build 19042.1110; Version 2009; 64bit' Language: 'en' Physical Memory: 7918 MB
BatchMode: 1, IsHumanControllingUs: 0, StartBugReporterOnCrash: 0, Is64bit: 1, IsPro: 0

 COMMAND LINE ARGUMENTS:
C:\Program Files\Unity 2021.1.0f1\Editor\Unity.exe
-adb2
-batchMode
-noUpm
-name
AssetImportWorker0
-projectPath
E:/GAMES/flappy/fkappy
-logFile
Logs/AssetImportWorker0.log
-srvPort
57586
Successfully changed project path to: E:/GAMES/flappy/fkappy
E:/GAMES/flappy/fkappy
Using Asset Import Pipeline V2.
Refreshing native plugins compatible for Editor in 158.16 ms, found 1 plugins.
Preloading 0 native plugins for Editor in 0.00 ms.
Initialize engine version: 2021.1.0f1 (61a549675243)
[Subsystems] Discovering subsystems at path C:/Program Files/Unity 2021.1.0f1/Editor/Data/Resources/UnitySubsystems
[Subsystems] Discovering subsystems at path E:/GAMES/flappy/fkappy/Assets
GfxDevice: creating device client; threaded=0; jobified=0
Direct3D:
    Version:  Direct3D 11.0 [level 11.1]
    Renderer: NVIDIA GeForce MX330 (ID=0x1d16)
    Vendor:   NVIDIA
    VRAM:     1983 MB
    Driver:   27.21.14.6231
Initialize mono
Mono path[0] = 'C:/Program Files/Unity 2021.1.0f1/Editor/Data/Managed'
Mono path[1] = 'C:/Program Files/Unity 2021.1.0f1/Editor/Data/MonoBleedingEdge/lib/mono/unityjit'
Mono config path = 'C:/Program Files/Unity 2021.1.0f1/Editor/Data/MonoBleedingEdge/etc'
Using monoOptions --debugger-agent=transport=dt_socket,embedding=1,server=y,suspend=n,address=127.0.0.1:56664
Begin MonoManager ReloadAssembly
Registering precompiled unity dll's ...
Register platform support module: C:/Program Files/Unity 2021.1.0f1/Editor/Data/PlaybackEngines/WindowsStandaloneSupport/UnityEditor.WindowsStandalone.Extensions.dll
Registered in 0.002720 seconds.
Native extension for WindowsStandalone target not found
Refreshing native plugins compatible for Editor in 159.06 ms, found 1 plugins.
Preloading 0 native plugins for Editor in 0.00 ms.
Mono: successfully reloaded assembly
- Completed reload, in  2.192 seconds
Platform modules already initialized, skipping
Registering precompiled user dll's ...
Registered in 0.003793 seconds.
Begin MonoManager ReloadAssembly
Native extension for WindowsStandalone target not found
Refreshing native plugins compatible for Editor in 0.88 ms, found 1 plugins.
Preloading 0 native plugins for Editor in 0.00 ms.
Mono: successfully reloaded assembly
- Completed reload, in  1.835 seconds
Platform modules already initialized, skipping
========================================================================
Worker process is ready to serve import requests
Launched and connected shader compiler UnityShaderCompiler.exe after 0.08 seconds
Refreshing native plugins compatible for Editor in 0.81 ms, found 1 plugins.
Preloading 0 native plugins for Editor in 0.00 ms.
Unloading 2670 Unused Serialized files (Serialized files now loaded: 0)
System memory in use before: 104.3 MB.
System memory in use after: 104.5 MB.

Unloading 15 unused Assets to reduce memory usage. Loaded Objects now: 3134.
Total: 3.397200 ms (FindLiveObjects: 0.480300 ms CreateObjectMapping: 0.125100 ms MarkObjects: 2.673900 ms  DeleteObjects: 0.116300 ms)

========================================================================
Received Import Request.
  path: Assets/scripts/ballFORCE.cs
  artifactKey: Guid(9beef69fd17c1de499697090d06cb1d0) Importer(815301076,1909f56bfc062723c751e8b465ee728b)
Start importing Assets/scripts/ballFORCE.cs using Guid(9beef69fd17c1de499697090d06cb1d0) Importer(815301076,1909f56bfc062723c751e8b465ee728b)  -> (artifact id: 'c387de18e4db14c15e1a34768be13f21') in 0.064426 seconds 
========================================================================
Received Prepare
Registering precompiled user dll's ...
Registered in 0.003555 seconds.
Begin MonoManager ReloadAssembly
Native extension for WindowsStandalone target not found
Refreshing native plugins compatible for Editor in 1.10 ms, found 1 plugins.
Preloading 0 native plugins for Editor in 0.00 ms.
Mono: successfully reloaded assembly
- Completed reload, in  1.730 seconds
Platform modules already initialized, skipping
Refreshing native plugins compatible for Editor in 0.70 ms, found 1 plugins.
Preloading 0 native plugins for Editor in 0.00 ms.
Unloading 2665 Unused Serialized files (Serialized files now loaded: 0)
System memory in use before: 104.3 MB.
System memory in use after: 104.5 MB.

Unloading 10 unused Assets to reduce memory usage. Loaded Objects now: 3137.
Total: 3.643200 ms (FindLiveObjects: 0.371700 ms CreateObjectMapping: 0.180800 ms MarkObjects: 3.005500 ms  DeleteObjects: 0.083400 ms)

========================================================================
Received Import Request.
  Time since last request: 115.047889 seconds.
  path: Assets/scripts/ballFORCE.cs
  artifactKey: Guid(9beef69fd17c1de499697090d06cb1d0) Importer(815301076,1909f56bfc062723c751e8b465ee728b)
Start importing Assets/scripts/ballFORCE.cs using Guid(9beef69fd17c1de499697090d06cb1d0) Importer(815301076,1909f56bfc062723c751e8b465ee728b)  -> (artifact id: 'aff307bc4fef3a0f7bf699eb7e35a706') in 0.007776 seconds 
========================================================================
Received Prepare
Registering precompiled user dll's ...
Registered in 0.003965 seconds.
Begin MonoManager ReloadAssembly
Native extension for WindowsStandalone target not found
Refreshing native plugins compatible for Editor in 0.73 ms, found 1 plugins.
Preloading 0 native plugins for Editor in 0.00 ms.
Mono: successfully reloaded assembly
- Completed reload, in  1.703 seconds
Platform modules already initialized, skipping
Refreshing native plugins compatible for Editor in 0.67 ms, found 1 plugins.
Preloading 0 native plugins for Editor in 0.00 ms.
Unloading 2665 Unused Serialized files (Serialized files now loaded: 0)
System memory in use before: 104.4 MB.
System memory in use after: 104.6 MB.

Unloading 10 unused Assets to reduce memory usage. Loaded Objects now: 3140.
Total: 3.923300 ms (FindLiveObjects: 0.462500 ms CreateObjectMapping: 0.221000 ms MarkObjects: 3.097300 ms  DeleteObjects: 0.138000 ms)

========================================================================
Received Import Request.
  Time since last request: 97.088177 seconds.
  path: Assets/scripts/ballFORCE.cs
  artifactKey: Guid(9beef69fd17c1de499697090d06cb1d0) Importer(815301076,1909f56bfc062723c751e8b465ee728b)
Start importing Assets/scripts/ballFORCE.cs using Guid(9beef69fd17c1de499697090d06cb1d0) Importer(815301076,1909f56bfc062723c751e8b465ee728b)  -> (artifact id: '7cb31fde604879a0e4fe3e3878640c68') in 0.008805 seconds 
========================================================================
Received Prepare
Registering precompiled user dll's ...
Registered in 0.002078 seconds.
Begin MonoManager ReloadAssembly
Native extension for WindowsStandalone target not found
Refreshing native plugins compatible for Editor in 0.76 ms, found 1 plugins.
Preloading 0 native plugins for Editor in 0.00 ms.
Mono: successfully reloaded assembly
- Completed reload, in  1.674 seconds
Platform modules already initialized, skipping
Refreshing native plugins compatible for Editor in 0.70 ms, found 1 plugins.
Preloading 0 native plugins for Editor in 0.00 ms.
Unloading 2665 Unused Serialized files (Serialized files now loaded: 0)
System memory in use before: 104.4 MB.
System memory in use after: 104.6 MB.

Unloading 10 unused Assets to reduce memory usage. Loaded Objects now: 3143.
Total: 3.115100 ms (FindLiveObjects: 0.349200 ms CreateObjectMapping: 0.164200 ms MarkObjects: 2.526300 ms  DeleteObjects: 0.074100 ms)

========================================================================
Received Import Request.
  Time since last request: 42.548929 seconds.
  path: Assets/scripts/ballFORCE.cs
  artifactKey: Guid(9beef69fd17c1de499697090d06cb1d0) Importer(815301076,1909f56bfc062723c751e8b465ee728b)
Start importing Assets/scripts/ballFORCE.cs using Guid(9beef69fd17c1de499697090d06cb1d0) Importer(815301076,1909f56bfc062723c751e8b465ee728b)  -> (artifact id: 'c6fccab22b89cfd803f82f47adc7e5df') in 0.010728 seconds 
========================================================================
Received Prepare
Registering precompiled user dll's ...
Registered in 0.003485 seconds.
Begin MonoManager ReloadAssembly
Native extension for WindowsStandalone target not found
Refreshing native plugins compatible for Editor in 0.73 ms, found 1 plugins.
Preloading 0 native plugins for Editor in 0.00 ms.
Mono: successfully reloaded assembly
- Completed reload, in  1.708 seconds
Platform modules already initialized, skipping
Refreshing native plugins compatible for Editor in 0.87 ms, found 1 plugins.
Preloading 0 native plugins for Editor in 0.00 ms.
Unloading 2665 Unused Serialized files (Serialized files now loaded: 0)
System memory in use before: 104.4 MB.
System memory in use after: 104.6 MB.

Unloading 10 unused Assets to reduce memory usage. Loaded Objects now: 3146.
Total: 2.997000 ms (FindLiveObjects: 0.266700 ms CreateObjectMapping: 0.146700 ms MarkObjects: 2.498800 ms  DeleteObjects: 0.083500 ms)

========================================================================
Received Import Request.
  Time since last request: 49.812256 seconds.
  path: Assets/scripts/ballFORCE.cs
  artifactKey: Guid(9beef69fd17c1de499697090d06cb1d0) Importer(815301076,1909f56bfc062723c751e8b465ee728b)
Start importing Assets/scripts/ballFORCE.cs using Guid(9beef69fd17c1de499697090d06cb1d0) Importer(815301076,1909f56bfc062723c751e8b465ee728b)  -> (artifact id: '0de316eb70aad17de5114bb69f88fb4d') in 0.009341 seconds 
========================================================================
Received Prepare
Registering precompiled user dll's ...
Registered in 0.003174 seconds.
Begin MonoManager ReloadAssembly
Native extension for WindowsStandalone target not found
Refreshing native plugins compatible for Editor in 0.74 ms, found 1 plugins.
Preloading 0 native plugins for Editor in 0.00 ms.
Mono: successfully reloaded assembly
- Completed reload, in  1.699 seconds
Platform modules already initialized, skipping
Refreshing native plugins compatible for Editor in 0.83 ms, found 1 plugins.
Preloading 0 native plugins for Editor in 0.00 ms.
Unloading 2665 Unused Serialized files (Serialized files now loaded: 0)
System memory in use before: 104.4 MB.
System memory in use after: 104.6 MB.

Unloading 10 unused Assets to reduce memory usage. Loaded Objects now: 3149.
Total: 4.379500 ms (FindLiveObjects: 0.279800 ms CreateObjectMapping: 0.136300 ms MarkObjects: 3.824400 ms  DeleteObjects: 0.137200 ms)

========================================================================
Received Import Request.
  Time since last request: 48.830942 seconds.
  path: Assets/scripts/sceneafterdeath.cs
  artifactKey: Guid(e3f7299909e687841ac34960c00998a8) Importer(815301076,1909f56bfc062723c751e8b465ee728b)
Start importing Assets/scripts/sceneafterdeath.cs using Guid(e3f7299909e687841ac34960c00998a8) Importer(815301076,1909f56bfc062723c751e8b465ee728b)  -> (artifact id: '69105b467a300be3c5e29f87053b2875') in 0.026490 seconds 
========================================================================
Received Prepare
Registering precompiled user dll's ...
Registered in 0.003430 seconds.
Begin MonoManager ReloadAssembly
Native extension for WindowsStandalone target not found
Refreshing native plugins compatible for Editor in 1.11 ms, found 1 plugins.
Preloading 0 native plugins for Editor in 0.00 ms.
Mono: successfully reloaded assembly
- Completed reload, in  1.619 seconds
Platform modules already initialized, skipping
Refreshing native plugins compatible for Editor in 0.82 ms, found 1 plugins.
Preloading 0 native plugins for Editor in 0.00 ms.
Unloading 2666 Unused Serialized files (Serialized files now loaded: 0)
System memory in use before: 104.5 MB.
System memory in use after: 104.7 MB.

Unloading 10 unused Assets to reduce memory usage. Loaded Objects now: 3153.
Total: 3.463500 ms (FindLiveObjects: 0.368700 ms CreateObjectMapping: 0.135500 ms MarkObjects: 2.860800 ms  DeleteObjects: 0.096700 ms)

========================================================================
Received Import Request.
  Time since last request: 22.498842 seconds.
  path: Assets/scripts/creatorofspikes.cs
  artifactKey: Guid(b5f29f8a8d6490643ab6a2e3ce7cbe80) Importer(815301076,1909f56bfc062723c751e8b465ee728b)
Start importing Assets/scripts/creatorofspikes.cs using Guid(b5f29f8a8d6490643ab6a2e3ce7cbe80) Importer(815301076,1909f56bfc062723c751e8b465ee728b)  -> (artifact id: 'a19759ed9797629e365b232c2a2f4136') in 0.026263 seconds 
========================================================================
Received Prepare
Registering precompiled user dll's ...
Registered in 0.003324 seconds.
Begin MonoManager ReloadAssembly
Native extension for WindowsStandalone target not found
Refreshing native plugins compatible for Editor in 0.92 ms, found 1 plugins.
Preloading 0 native plugins for Editor in 0.00 ms.
Mono: successfully reloaded assembly
- Completed reload, in  1.662 seconds
Platform modules already initialized, skipping
Refreshing native plugins compatible for Editor in 1.04 ms, found 1 plugins.
Preloading 0 native plugins for Editor in 0.00 ms.
Unloading 2666 Unused Serialized files (Serialized files now loaded: 0)
System memory in use before: 104.5 MB.
System memory in use after: 104.7 MB.

Unloading 10 unused Assets to reduce memory usage. Loaded Objects now: 3156.
Total: 4.780200 ms (FindLiveObjects: 0.594500 ms CreateObjectMapping: 0.245400 ms MarkObjects: 3.842500 ms  DeleteObjects: 0.094400 ms)

========================================================================
Received Import Request.
  Time since last request: 199.702519 seconds.
  path: Assets/scripts/creatorofspikes.cs
  artifactKey: Guid(b5f29f8a8d6490643ab6a2e3ce7cbe80) Importer(815301076,1909f56bfc062723c751e8b465ee728b)
Start importing Assets/scripts/creatorofspikes.cs using Guid(b5f29f8a8d6490643ab6a2e3ce7cbe80) Importer(815301076,1909f56bfc062723c751e8b465ee728b)  -> (artifact id: 'd97bc57e0fbf7ddd51200ff99be99695') in 0.009166 seconds 
========================================================================
Received Prepare
Registering precompiled user dll's ...
Registered in 0.003550 seconds.
Begin MonoManager ReloadAssembly
Native extension for WindowsStandalone target not found
Refreshing native plugins compatible for Editor in 0.81 ms, found 1 plugins.
Preloading 0 native plugins for Editor in 0.00 ms.
Mono: successfully reloaded assembly
- Completed reload, in  1.645 seconds
Platform modules already initialized, skipping
Refreshing native plugins compatible for Editor in 0.66 ms, found 1 plugins.
Preloading 0 native plugins for Editor in 0.00 ms.
Unloading 2666 Unused Serialized files (Serialized files now loaded: 0)
System memory in use before: 104.5 MB.
System memory in use after: 104.7 MB.

Unloading 10 unused Assets to reduce memory usage. Loaded Objects now: 3159.
Total: 3.900800 ms (FindLiveObjects: 0.333500 ms CreateObjectMapping: 0.157200 ms MarkObjects: 3.304500 ms  DeleteObjects: 0.103900 ms)

========================================================================
Received Prepare
Registering precompiled user dll's ...
Registered in 0.003405 seconds.
Begin MonoManager ReloadAssembly
Native extension for WindowsStandalone target not found
Refreshing native plugins compatible for Editor in 0.77 ms, found 1 plugins.
Preloading 0 native plugins for Editor in 0.00 ms.
Mono: successfully reloaded assembly
- Completed reload, in  1.801 seconds
Platform modules already initialized, skipping
Refreshing native plugins compatible for Editor in 0.81 ms, found 1 plugins.
Preloading 0 native plugins for Editor in 0.00 ms.
Unloading 2666 Unused Serialized files (Serialized files now loaded: 0)
System memory in use before: 104.5 MB.
System memory in use after: 104.7 MB.

Unloading 10 unused Assets to reduce memory usage. Loaded Objects now: 3162.
Total: 5.171900 ms (FindLiveObjects: 0.353100 ms CreateObjectMapping: 0.135400 ms MarkObjects: 4.544000 ms  DeleteObjects: 0.136900 ms)

========================================================================
Received Prepare
Refreshing native plugins compatible for Editor in 2.47 ms, found 1 plugins.
Preloading 0 native plugins for Editor in 0.00 ms.
Unloading 8 Unused Serialized files (Serialized files now loaded: 0)
System memory in use before: 51.8 MB.
System memory in use after: 52.0 MB.

Unloading 8 unused Assets to reduce memory usage. Loaded Objects now: 3162.
Total: 5.248100 ms (FindLiveObjects: 0.477100 ms CreateObjectMapping: 0.141600 ms MarkObjects: 4.541100 ms  DeleteObjects: 0.085200 ms)

AssetImportWorkerClient::OnTransportError - code=2 error=End of file
